{
  "RSpec": {
    "coverage": {
      "/Users/jessicasimon/dev/gethappy/app/helpers/application_helper.rb": [
        1,
        null
      ],
      "/Users/jessicasimon/dev/gethappy/app/models/user.rb": [
        1,
        1,
        1,
        1,
        1,
        1,
        1,
        1,
        1,
        1,
        null,
        null,
        null
      ],
      "/Users/jessicasimon/dev/gethappy/app/controllers/welcome_controller.rb": [
        1,
        1,
        null,
        null
      ],
      "/Users/jessicasimon/dev/gethappy/app/controllers/application_controller.rb": [
        1,
        null,
        null,
        1,
        null,
        1,
        2,
        2,
        2,
        null,
        0,
        null,
        null,
        0,
        0,
        0,
        null,
        null,
        null,
        1,
        6,
        null,
        null,
        1,
        3,
        null,
        null,
        1,
        null,
        null
      ],
      "/Users/jessicasimon/dev/gethappy/app/controllers/session_controller.rb": [
        1,
        null,
        1,
        0,
        null,
        null,
        1,
        null,
        1,
        null,
        null,
        1,
        null,
        1,
        null,
        1,
        null,
        0,
        0,
        null,
        null,
        null,
        1,
        0,
        0,
        null,
        null
      ],
      "/Users/jessicasimon/dev/gethappy/app/controllers/users_controller.rb": [
        1,
        null,
        1,
        1,
        null,
        1,
        0,
        0,
        null,
        null,
        1,
        0,
        0,
        0,
        0,
        null,
        0,
        null,
        null,
        null,
        1,
        3,
        null,
        null,
        1,
        0,
        null,
        null,
        1,
        0,
        null,
        0,
        0,
        null,
        0,
        null,
        null,
        null,
        1,
        0,
        0,
        0,
        null,
        null,
        1,
        3,
        null,
        null,
        1,
        3,
        0,
        null,
        null,
        null,
        1,
        3,
        0,
        null,
        null,
        null,
        1,
        null,
        1,
        0,
        null,
        null,
        null
      ],
      "/Users/jessicasimon/dev/gethappy/app/models/favorite.rb": [
        1,
        1,
        1,
        null
      ],
      "/Users/jessicasimon/dev/gethappy/app/models/location.rb": [
        1,
        1,
        1,
        1,
        1,
        1,
        1,
        null
      ],
      "/Users/jessicasimon/dev/gethappy/app/models/favorite_bar.rb": [
        1,
        1,
        1,
        null
      ],
      "/Users/jessicasimon/dev/gethappy/app/models/bar.rb": [
        1,
        1,
        1,
        null
      ],
      "/Users/jessicasimon/dev/gethappy/app/controllers/bars_controller.rb": [
        1,
        1,
        null,
        1,
        null,
        null,
        2,
        null,
        null,
        1,
        null,
        null,
        null,
        1,
        0,
        0,
        0,
        null,
        null,
        null,
        null,
        1,
        1,
        1,
        1,
        1,
        0,
        0,
        null,
        null,
        1,
        1,
        null,
        1,
        null,
        null,
        null,
        null,
        null,
        null,
        null,
        null,
        null,
        null,
        null,
        null,
        1,
        null,
        1,
        2,
        1,
        21,
        null,
        null,
        null,
        null,
        null,
        null,
        null,
        null,
        null,
        null,
        null,
        null,
        null,
        null,
        null,
        null,
        null,
        null,
        1,
        3,
        null,
        null,
        1,
        1,
        null,
        null,
        null
      ]
    },
    "timestamp": 1394387810
  }
}
